<?xml version="1.0" encoding="UTF-8"?>
<testng-results skipped="0" failed="0" ignored="0" total="1" passed="1">
  <reporter-output>
  </reporter-output>
  <suite name="Smoke" duration-ms="164230" started-at="2021-09-20T11:06:45 MSK" finished-at="2021-09-20T11:09:30 MSK">
    <groups>
    </groups>
    <test name="Smoke" duration-ms="164230" started-at="2021-09-20T11:06:45 MSK" finished-at="2021-09-20T11:09:30 MSK">
      <class name="test.GoogleCloudTest">
        <test-method status="PASS" signature="browserSetup()[pri:0, instance:test.GoogleCloudTest@4d50efb8]" name="browserSetup" is-config="true" duration-ms="39156" started-at="2021-09-20T11:06:45 MSK" finished-at="2021-09-20T11:07:25 MSK">
          <reporter-output>
          </reporter-output>
        </test-method> <!-- browserSetup -->
        <test-method status="PASS" signature="checkEmailEstimate()[pri:0, instance:test.GoogleCloudTest@4d50efb8]" name="checkEmailEstimate" duration-ms="122475" started-at="2021-09-20T11:07:25 MSK" description="get a letter with the results of processing the request" finished-at="2021-09-20T11:09:27 MSK">
          <reporter-output>
          </reporter-output>
        </test-method> <!-- checkEmailEstimate -->
        <test-method status="PASS" signature="browserTearDown()[pri:0, instance:test.GoogleCloudTest@4d50efb8]" name="browserTearDown" is-config="true" duration-ms="2530" started-at="2021-09-20T11:09:27 MSK" finished-at="2021-09-20T11:09:30 MSK">
          <reporter-output>
          </reporter-output>
        </test-method> <!-- browserTearDown -->
      </class> <!-- test.GoogleCloudTest -->
    </test> <!-- Smoke -->
  </suite> <!-- Smoke -->
</testng-results>
